
*** Running vivado
    with args -log design_1_ff_1_0.vds -m64 -product Vivado -mode batch -messageDb vivado.pb -notrace -source design_1_ff_1_0.tcl


****** Vivado v2020.1 (64-bit)
  **** SW Build 2902540 on Wed May 27 19:54:35 MDT 2020
  **** IP Build 2902112 on Wed May 27 22:43:36 MDT 2020
    ** Copyright 1986-2020 Xilinx, Inc. All Rights Reserved.

source design_1_ff_1_0.tcl -notrace
INFO: [IP_Flow 19-234] Refreshing IP repositories
INFO: [IP_Flow 19-1700] Loaded user IP repository '/home/shahar/Downloads/ip_repo'.
INFO: [IP_Flow 19-1700] Loaded user IP repository '/home/shahar/Downloads/anton/redpitaya_guide/tmp/cores'.
INFO: [IP_Flow 19-2313] Loaded Vivado IP repository '/home/shahar/apps/Xilinx/Vivado/2020.1/data/ip'.
Command: synth_design -top design_1_ff_1_0 -part xc7z010clg400-1 -mode out_of_context
Starting synth_design
WARNING: [IP_Flow 19-3571] IP 'design_1_ff_1_0' is restricted:
* Module reference is stale and needs refreshing.
Attempting to get a license for feature 'Synthesis' and/or device 'xc7z010'
INFO: [Common 17-349] Got license for feature 'Synthesis' and/or device 'xc7z010'
INFO: [Device 21-403] Loading part xc7z010clg400-1
INFO: [Synth 8-7079] Multithreading enabled for synth_design using a maximum of 4 processes.
INFO: [Synth 8-7078] Launching helper process for spawning children vivado processes
INFO: [Synth 8-7075] Helper process launched with PID 4680
---------------------------------------------------------------------------------
Starting RTL Elaboration : Time (s): cpu = 00:00:07 ; elapsed = 00:00:20 . Memory (MB): peak = 2199.781 ; gain = 0.000 ; free physical = 1773 ; free virtual = 3551
---------------------------------------------------------------------------------
INFO: [Synth 8-6157] synthesizing module 'design_1_ff_1_0' [/home/shahar/Downloads/anton/redpitaya_guide/tmp/4_frequency_counter/4_frequency_counter.srcs/sources_1/bd/design_1/ip/design_1_ff_1_0/synth/design_1_ff_1_0.v:58]
INFO: [Synth 8-6157] synthesizing module 'ff' [/home/shahar/Downloads/anton/redpitaya_guide/tmp/4_frequency_counter/4_frequency_counter.srcs/sources_1/imports/new/ff.v:23]
INFO: [Synth 8-6155] done synthesizing module 'ff' (1#1) [/home/shahar/Downloads/anton/redpitaya_guide/tmp/4_frequency_counter/4_frequency_counter.srcs/sources_1/imports/new/ff.v:23]
INFO: [Synth 8-6155] done synthesizing module 'design_1_ff_1_0' (2#1) [/home/shahar/Downloads/anton/redpitaya_guide/tmp/4_frequency_counter/4_frequency_counter.srcs/sources_1/bd/design_1/ip/design_1_ff_1_0/synth/design_1_ff_1_0.v:58]
---------------------------------------------------------------------------------
Finished RTL Elaboration : Time (s): cpu = 00:00:09 ; elapsed = 00:00:24 . Memory (MB): peak = 2199.781 ; gain = 0.000 ; free physical = 1852 ; free virtual = 3701
---------------------------------------------------------------------------------
---------------------------------------------------------------------------------
Start Handling Custom Attributes
---------------------------------------------------------------------------------
---------------------------------------------------------------------------------
Finished Handling Custom Attributes : Time (s): cpu = 00:00:10 ; elapsed = 00:00:26 . Memory (MB): peak = 2199.781 ; gain = 0.000 ; free physical = 1889 ; free virtual = 3740
---------------------------------------------------------------------------------
---------------------------------------------------------------------------------
Finished RTL Optimization Phase 1 : Time (s): cpu = 00:00:10 ; elapsed = 00:00:26 . Memory (MB): peak = 2199.781 ; gain = 0.000 ; free physical = 1889 ; free virtual = 3740
---------------------------------------------------------------------------------
Netlist sorting complete. Time (s): cpu = 00:00:00 ; elapsed = 00:00:00 . Memory (MB): peak = 2199.781 ; gain = 0.000 ; free physical = 1881 ; free virtual = 3732
INFO: [Project 1-570] Preparing netlist for logic optimization

Processing XDC Constraints
Initializing timing engine
Completed Processing XDC Constraints

Netlist sorting complete. Time (s): cpu = 00:00:00 ; elapsed = 00:00:00 . Memory (MB): peak = 2263.723 ; gain = 0.000 ; free physical = 1590 ; free virtual = 3464
INFO: [Project 1-111] Unisim Transformation Summary:
No Unisim elements were transformed.

Constraint Validation Runtime : Time (s): cpu = 00:00:00.04 ; elapsed = 00:00:00.25 . Memory (MB): peak = 2263.723 ; gain = 0.000 ; free physical = 1587 ; free virtual = 3462
---------------------------------------------------------------------------------
Finished Constraint Validation : Time (s): cpu = 00:00:18 ; elapsed = 00:00:40 . Memory (MB): peak = 2263.723 ; gain = 63.941 ; free physical = 1671 ; free virtual = 3586
---------------------------------------------------------------------------------
---------------------------------------------------------------------------------
Start Loading Part and Timing Information
---------------------------------------------------------------------------------
Loading part: xc7z010clg400-1
---------------------------------------------------------------------------------
Finished Loading Part and Timing Information : Time (s): cpu = 00:00:18 ; elapsed = 00:00:40 . Memory (MB): peak = 2263.723 ; gain = 63.941 ; free physical = 1704 ; free virtual = 3619
---------------------------------------------------------------------------------
---------------------------------------------------------------------------------
Start Applying 'set_property' XDC Constraints
---------------------------------------------------------------------------------
---------------------------------------------------------------------------------
Finished applying 'set_property' XDC Constraints : Time (s): cpu = 00:00:18 ; elapsed = 00:00:40 . Memory (MB): peak = 2263.723 ; gain = 63.941 ; free physical = 1730 ; free virtual = 3646
---------------------------------------------------------------------------------
---------------------------------------------------------------------------------
Finished RTL Optimization Phase 2 : Time (s): cpu = 00:00:18 ; elapsed = 00:00:40 . Memory (MB): peak = 2263.723 ; gain = 63.941 ; free physical = 1717 ; free virtual = 3637
---------------------------------------------------------------------------------
---------------------------------------------------------------------------------
Start RTL Component Statistics 
---------------------------------------------------------------------------------
Detailed RTL Component Info : 
+---Registers : 
	                1 Bit    Registers := 1     
---------------------------------------------------------------------------------
Finished RTL Component Statistics 
---------------------------------------------------------------------------------
---------------------------------------------------------------------------------
Start Part Resource Summary
---------------------------------------------------------------------------------
Part Resources:
DSPs: 80 (col length:40)
BRAMs: 120 (col length: RAMB18 40 RAMB36 20)
---------------------------------------------------------------------------------
Finished Part Resource Summary
---------------------------------------------------------------------------------
---------------------------------------------------------------------------------
Start Cross Boundary and Area Optimization
---------------------------------------------------------------------------------
---------------------------------------------------------------------------------
Finished Cross Boundary and Area Optimization : Time (s): cpu = 00:00:20 ; elapsed = 00:00:42 . Memory (MB): peak = 2263.723 ; gain = 63.941 ; free physical = 1712 ; free virtual = 3652
---------------------------------------------------------------------------------
---------------------------------------------------------------------------------
Start Applying XDC Timing Constraints
---------------------------------------------------------------------------------
---------------------------------------------------------------------------------
Finished Applying XDC Timing Constraints : Time (s): cpu = 00:00:27 ; elapsed = 00:00:53 . Memory (MB): peak = 2263.723 ; gain = 63.941 ; free physical = 1350 ; free virtual = 3322
---------------------------------------------------------------------------------
---------------------------------------------------------------------------------
Start Timing Optimization
---------------------------------------------------------------------------------
---------------------------------------------------------------------------------
Finished Timing Optimization : Time (s): cpu = 00:00:27 ; elapsed = 00:00:53 . Memory (MB): peak = 2263.723 ; gain = 63.941 ; free physical = 1350 ; free virtual = 3322
---------------------------------------------------------------------------------
---------------------------------------------------------------------------------
Start Technology Mapping
---------------------------------------------------------------------------------
---------------------------------------------------------------------------------
Finished Technology Mapping : Time (s): cpu = 00:00:27 ; elapsed = 00:00:53 . Memory (MB): peak = 2263.723 ; gain = 63.941 ; free physical = 1348 ; free virtual = 3320
---------------------------------------------------------------------------------
---------------------------------------------------------------------------------
Start IO Insertion
---------------------------------------------------------------------------------
---------------------------------------------------------------------------------
Start Flattening Before IO Insertion
---------------------------------------------------------------------------------
---------------------------------------------------------------------------------
Finished Flattening Before IO Insertion
---------------------------------------------------------------------------------
---------------------------------------------------------------------------------
Start Final Netlist Cleanup
---------------------------------------------------------------------------------
---------------------------------------------------------------------------------
Finished Final Netlist Cleanup
---------------------------------------------------------------------------------
---------------------------------------------------------------------------------
Finished IO Insertion : Time (s): cpu = 00:00:32 ; elapsed = 00:00:58 . Memory (MB): peak = 2263.723 ; gain = 63.941 ; free physical = 1128 ; free virtual = 3101
---------------------------------------------------------------------------------
---------------------------------------------------------------------------------
Start Renaming Generated Instances
---------------------------------------------------------------------------------
---------------------------------------------------------------------------------
Finished Renaming Generated Instances : Time (s): cpu = 00:00:32 ; elapsed = 00:00:58 . Memory (MB): peak = 2263.723 ; gain = 63.941 ; free physical = 1128 ; free virtual = 3101
---------------------------------------------------------------------------------
---------------------------------------------------------------------------------
Start Rebuilding User Hierarchy
---------------------------------------------------------------------------------
---------------------------------------------------------------------------------
Finished Rebuilding User Hierarchy : Time (s): cpu = 00:00:32 ; elapsed = 00:00:58 . Memory (MB): peak = 2263.723 ; gain = 63.941 ; free physical = 1127 ; free virtual = 3100
---------------------------------------------------------------------------------
---------------------------------------------------------------------------------
Start Renaming Generated Ports
---------------------------------------------------------------------------------
---------------------------------------------------------------------------------
Finished Renaming Generated Ports : Time (s): cpu = 00:00:32 ; elapsed = 00:00:58 . Memory (MB): peak = 2263.723 ; gain = 63.941 ; free physical = 1127 ; free virtual = 3099
---------------------------------------------------------------------------------
---------------------------------------------------------------------------------
Start Handling Custom Attributes
---------------------------------------------------------------------------------
---------------------------------------------------------------------------------
Finished Handling Custom Attributes : Time (s): cpu = 00:00:32 ; elapsed = 00:00:58 . Memory (MB): peak = 2263.723 ; gain = 63.941 ; free physical = 1127 ; free virtual = 3099
---------------------------------------------------------------------------------
---------------------------------------------------------------------------------
Start Renaming Generated Nets
---------------------------------------------------------------------------------
---------------------------------------------------------------------------------
Finished Renaming Generated Nets : Time (s): cpu = 00:00:32 ; elapsed = 00:00:58 . Memory (MB): peak = 2263.723 ; gain = 63.941 ; free physical = 1126 ; free virtual = 3099
---------------------------------------------------------------------------------
---------------------------------------------------------------------------------
Start Writing Synthesis Report
---------------------------------------------------------------------------------

Report BlackBoxes: 
+-+--------------+----------+
| |BlackBox name |Instances |
+-+--------------+----------+
+-+--------------+----------+

Report Cell Usage: 
+------+-----+------+
|      |Cell |Count |
+------+-----+------+
|1     |LUT2 |     1|
|2     |FDRE |     1|
+------+-----+------+
---------------------------------------------------------------------------------
Finished Writing Synthesis Report : Time (s): cpu = 00:00:32 ; elapsed = 00:00:58 . Memory (MB): peak = 2263.723 ; gain = 63.941 ; free physical = 1126 ; free virtual = 3099
---------------------------------------------------------------------------------
Synthesis finished with 0 errors, 0 critical warnings and 0 warnings.
Synthesis Optimization Runtime : Time (s): cpu = 00:00:30 ; elapsed = 00:00:54 . Memory (MB): peak = 2263.723 ; gain = 0.000 ; free physical = 1179 ; free virtual = 3151
Synthesis Optimization Complete : Time (s): cpu = 00:00:32 ; elapsed = 00:00:58 . Memory (MB): peak = 2263.723 ; gain = 63.941 ; free physical = 1179 ; free virtual = 3152
INFO: [Project 1-571] Translating synthesized netlist
Netlist sorting complete. Time (s): cpu = 00:00:00 ; elapsed = 00:00:00 . Memory (MB): peak = 2263.723 ; gain = 0.000 ; free physical = 1154 ; free virtual = 3138
INFO: [Project 1-570] Preparing netlist for logic optimization
INFO: [Opt 31-138] Pushed 0 inverter(s) to 0 load pin(s).
Netlist sorting complete. Time (s): cpu = 00:00:00 ; elapsed = 00:00:00.01 . Memory (MB): peak = 2263.723 ; gain = 0.000 ; free physical = 1241 ; free virtual = 3231
INFO: [Project 1-111] Unisim Transformation Summary:
No Unisim elements were transformed.

INFO: [Common 17-83] Releasing license: Synthesis
20 Infos, 1 Warnings, 0 Critical Warnings and 0 Errors encountered.
synth_design completed successfully
synth_design: Time (s): cpu = 00:00:49 ; elapsed = 00:01:19 . Memory (MB): peak = 2263.723 ; gain = 64.031 ; free physical = 1438 ; free virtual = 3428
INFO: [Common 17-1381] The checkpoint '/home/shahar/Downloads/anton/redpitaya_guide/tmp/4_frequency_counter/4_frequency_counter.runs/design_1_ff_1_0_synth_1/design_1_ff_1_0.dcp' has been generated.
WARNING: [Common 17-576] 'use_project_ipc' is deprecated. This option is deprecated and no longer used.
INFO: [Common 17-1381] The checkpoint '/home/shahar/Downloads/anton/redpitaya_guide/tmp/4_frequency_counter/4_frequency_counter.runs/design_1_ff_1_0_synth_1/design_1_ff_1_0.dcp' has been generated.
INFO: [runtcl-4] Executing : report_utilization -file design_1_ff_1_0_utilization_synth.rpt -pb design_1_ff_1_0_utilization_synth.pb
INFO: [Common 17-206] Exiting Vivado at Mon Feb 26 09:21:00 2024...
