
*** Running vivado
    with args -log design_4_signal_spliter_1_0.vds -m64 -product Vivado -mode batch -messageDb vivado.pb -notrace -source design_4_signal_spliter_1_0.tcl


****** Vivado v2020.1 (64-bit)
  **** SW Build 2902540 on Wed May 27 19:54:35 MDT 2020
  **** IP Build 2902112 on Wed May 27 22:43:36 MDT 2020
    ** Copyright 1986-2020 Xilinx, Inc. All Rights Reserved.

source design_4_signal_spliter_1_0.tcl -notrace
INFO: [IP_Flow 19-234] Refreshing IP repositories
INFO: [IP_Flow 19-1700] Loaded user IP repository '/home/shahar/Downloads/ip_repo'.
INFO: [IP_Flow 19-1700] Loaded user IP repository '/home/shahar/Downloads/anton/redpitaya_guide/tmp/cores'.
INFO: [IP_Flow 19-2313] Loaded Vivado IP repository '/home/shahar/apps/Xilinx/Vivado/2020.1/data/ip'.
Command: synth_design -top design_4_signal_spliter_1_0 -part xc7z010clg400-1 -mode out_of_context
Starting synth_design
WARNING: [IP_Flow 19-3571] IP 'design_4_signal_spliter_1_0' is restricted:
* Module reference is stale and needs refreshing.
Attempting to get a license for feature 'Synthesis' and/or device 'xc7z010'
INFO: [Common 17-349] Got license for feature 'Synthesis' and/or device 'xc7z010'
INFO: [Device 21-403] Loading part xc7z010clg400-1
INFO: [Synth 8-7079] Multithreading enabled for synth_design using a maximum of 4 processes.
INFO: [Synth 8-7078] Launching helper process for spawning children vivado processes
INFO: [Synth 8-7075] Helper process launched with PID 13462
---------------------------------------------------------------------------------
Starting RTL Elaboration : Time (s): cpu = 00:00:08 ; elapsed = 00:00:19 . Memory (MB): peak = 2199.781 ; gain = 0.000 ; free physical = 2444 ; free virtual = 9380
---------------------------------------------------------------------------------
INFO: [Synth 8-6157] synthesizing module 'design_4_signal_spliter_1_0' [/home/shahar/Downloads/anton/redpitaya_guide/tmp/4_frequency_counter/4_frequency_counter.srcs/sources_1/bd/design_4/ip/design_4_signal_spliter_1_0/synth/design_4_signal_spliter_1_0.v:58]
INFO: [Synth 8-6157] synthesizing module 'signal_spliter' [/home/shahar/Downloads/anton/redpitaya_guide/tmp/4_frequency_counter/4_frequency_counter.srcs/sources_1/new/signal_spliter.v:23]
INFO: [Synth 8-6155] done synthesizing module 'signal_spliter' (1#1) [/home/shahar/Downloads/anton/redpitaya_guide/tmp/4_frequency_counter/4_frequency_counter.srcs/sources_1/new/signal_spliter.v:23]
INFO: [Synth 8-6155] done synthesizing module 'design_4_signal_spliter_1_0' (2#1) [/home/shahar/Downloads/anton/redpitaya_guide/tmp/4_frequency_counter/4_frequency_counter.srcs/sources_1/bd/design_4/ip/design_4_signal_spliter_1_0/synth/design_4_signal_spliter_1_0.v:58]
---------------------------------------------------------------------------------
Finished RTL Elaboration : Time (s): cpu = 00:00:10 ; elapsed = 00:00:24 . Memory (MB): peak = 2199.781 ; gain = 0.000 ; free physical = 1859 ; free virtual = 8795
---------------------------------------------------------------------------------
---------------------------------------------------------------------------------
Start Handling Custom Attributes
---------------------------------------------------------------------------------
---------------------------------------------------------------------------------
Finished Handling Custom Attributes : Time (s): cpu = 00:00:11 ; elapsed = 00:00:26 . Memory (MB): peak = 2199.781 ; gain = 0.000 ; free physical = 2292 ; free virtual = 9228
---------------------------------------------------------------------------------
---------------------------------------------------------------------------------
Finished RTL Optimization Phase 1 : Time (s): cpu = 00:00:11 ; elapsed = 00:00:26 . Memory (MB): peak = 2199.781 ; gain = 0.000 ; free physical = 2292 ; free virtual = 9228
---------------------------------------------------------------------------------
Netlist sorting complete. Time (s): cpu = 00:00:00 ; elapsed = 00:00:00 . Memory (MB): peak = 2199.781 ; gain = 0.000 ; free physical = 2302 ; free virtual = 9238
INFO: [Project 1-570] Preparing netlist for logic optimization

Processing XDC Constraints
Initializing timing engine
Completed Processing XDC Constraints

Netlist sorting complete. Time (s): cpu = 00:00:00 ; elapsed = 00:00:00 . Memory (MB): peak = 2263.723 ; gain = 0.000 ; free physical = 1570 ; free virtual = 8506
INFO: [Project 1-111] Unisim Transformation Summary:
No Unisim elements were transformed.

Constraint Validation Runtime : Time (s): cpu = 00:00:00.04 ; elapsed = 00:00:00.10 . Memory (MB): peak = 2263.723 ; gain = 0.000 ; free physical = 1549 ; free virtual = 8484
---------------------------------------------------------------------------------
Finished Constraint Validation : Time (s): cpu = 00:00:23 ; elapsed = 00:00:48 . Memory (MB): peak = 2263.723 ; gain = 63.941 ; free physical = 2126 ; free virtual = 9077
---------------------------------------------------------------------------------
---------------------------------------------------------------------------------
Start Loading Part and Timing Information
---------------------------------------------------------------------------------
Loading part: xc7z010clg400-1
---------------------------------------------------------------------------------
Finished Loading Part and Timing Information : Time (s): cpu = 00:00:23 ; elapsed = 00:00:48 . Memory (MB): peak = 2263.723 ; gain = 63.941 ; free physical = 2126 ; free virtual = 9077
---------------------------------------------------------------------------------
---------------------------------------------------------------------------------
Start Applying 'set_property' XDC Constraints
---------------------------------------------------------------------------------
---------------------------------------------------------------------------------
Finished applying 'set_property' XDC Constraints : Time (s): cpu = 00:00:23 ; elapsed = 00:00:48 . Memory (MB): peak = 2263.723 ; gain = 63.941 ; free physical = 2125 ; free virtual = 9077
---------------------------------------------------------------------------------
---------------------------------------------------------------------------------
Finished RTL Optimization Phase 2 : Time (s): cpu = 00:00:23 ; elapsed = 00:00:48 . Memory (MB): peak = 2263.723 ; gain = 63.941 ; free physical = 2112 ; free virtual = 9064
---------------------------------------------------------------------------------
---------------------------------------------------------------------------------
Start RTL Component Statistics 
---------------------------------------------------------------------------------
Detailed RTL Component Info : 
---------------------------------------------------------------------------------
Finished RTL Component Statistics 
---------------------------------------------------------------------------------
---------------------------------------------------------------------------------
Start Part Resource Summary
---------------------------------------------------------------------------------
Part Resources:
DSPs: 80 (col length:40)
BRAMs: 120 (col length: RAMB18 40 RAMB36 20)
---------------------------------------------------------------------------------
Finished Part Resource Summary
---------------------------------------------------------------------------------
---------------------------------------------------------------------------------
Start Cross Boundary and Area Optimization
---------------------------------------------------------------------------------
---------------------------------------------------------------------------------
Finished Cross Boundary and Area Optimization : Time (s): cpu = 00:00:25 ; elapsed = 00:00:50 . Memory (MB): peak = 2263.723 ; gain = 63.941 ; free physical = 2116 ; free virtual = 9071
---------------------------------------------------------------------------------
---------------------------------------------------------------------------------
Start Applying XDC Timing Constraints
---------------------------------------------------------------------------------
---------------------------------------------------------------------------------
Finished Applying XDC Timing Constraints : Time (s): cpu = 00:00:39 ; elapsed = 00:01:14 . Memory (MB): peak = 2263.723 ; gain = 63.941 ; free physical = 1045 ; free virtual = 8007
---------------------------------------------------------------------------------
---------------------------------------------------------------------------------
Start Timing Optimization
---------------------------------------------------------------------------------
---------------------------------------------------------------------------------
Finished Timing Optimization : Time (s): cpu = 00:00:39 ; elapsed = 00:01:14 . Memory (MB): peak = 2263.723 ; gain = 63.941 ; free physical = 1042 ; free virtual = 8004
---------------------------------------------------------------------------------
---------------------------------------------------------------------------------
Start Technology Mapping
---------------------------------------------------------------------------------
---------------------------------------------------------------------------------
Finished Technology Mapping : Time (s): cpu = 00:00:39 ; elapsed = 00:01:14 . Memory (MB): peak = 2263.723 ; gain = 63.941 ; free physical = 1039 ; free virtual = 8001
---------------------------------------------------------------------------------
---------------------------------------------------------------------------------
Start IO Insertion
---------------------------------------------------------------------------------
---------------------------------------------------------------------------------
Start Flattening Before IO Insertion
---------------------------------------------------------------------------------
---------------------------------------------------------------------------------
Finished Flattening Before IO Insertion
---------------------------------------------------------------------------------
---------------------------------------------------------------------------------
Start Final Netlist Cleanup
---------------------------------------------------------------------------------
---------------------------------------------------------------------------------
Finished Final Netlist Cleanup
---------------------------------------------------------------------------------
---------------------------------------------------------------------------------
Finished IO Insertion : Time (s): cpu = 00:00:46 ; elapsed = 00:01:23 . Memory (MB): peak = 2263.723 ; gain = 63.941 ; free physical = 1856 ; free virtual = 8818
---------------------------------------------------------------------------------
---------------------------------------------------------------------------------
Start Renaming Generated Instances
---------------------------------------------------------------------------------
---------------------------------------------------------------------------------
Finished Renaming Generated Instances : Time (s): cpu = 00:00:46 ; elapsed = 00:01:23 . Memory (MB): peak = 2263.723 ; gain = 63.941 ; free physical = 1855 ; free virtual = 8817
---------------------------------------------------------------------------------
---------------------------------------------------------------------------------
Start Rebuilding User Hierarchy
---------------------------------------------------------------------------------
---------------------------------------------------------------------------------
Finished Rebuilding User Hierarchy : Time (s): cpu = 00:00:46 ; elapsed = 00:01:23 . Memory (MB): peak = 2263.723 ; gain = 63.941 ; free physical = 1855 ; free virtual = 8817
---------------------------------------------------------------------------------
---------------------------------------------------------------------------------
Start Renaming Generated Ports
---------------------------------------------------------------------------------
---------------------------------------------------------------------------------
Finished Renaming Generated Ports : Time (s): cpu = 00:00:46 ; elapsed = 00:01:23 . Memory (MB): peak = 2263.723 ; gain = 63.941 ; free physical = 1854 ; free virtual = 8816
---------------------------------------------------------------------------------
---------------------------------------------------------------------------------
Start Handling Custom Attributes
---------------------------------------------------------------------------------
---------------------------------------------------------------------------------
Finished Handling Custom Attributes : Time (s): cpu = 00:00:46 ; elapsed = 00:01:23 . Memory (MB): peak = 2263.723 ; gain = 63.941 ; free physical = 1854 ; free virtual = 8816
---------------------------------------------------------------------------------
---------------------------------------------------------------------------------
Start Renaming Generated Nets
---------------------------------------------------------------------------------
---------------------------------------------------------------------------------
Finished Renaming Generated Nets : Time (s): cpu = 00:00:46 ; elapsed = 00:01:23 . Memory (MB): peak = 2263.723 ; gain = 63.941 ; free physical = 1853 ; free virtual = 8815
---------------------------------------------------------------------------------
---------------------------------------------------------------------------------
Start Writing Synthesis Report
---------------------------------------------------------------------------------

Report BlackBoxes: 
+-+--------------+----------+
| |BlackBox name |Instances |
+-+--------------+----------+
+-+--------------+----------+

Report Cell Usage: 
+-+-----+------+
| |Cell |Count |
+-+-----+------+
+-+-----+------+
---------------------------------------------------------------------------------
Finished Writing Synthesis Report : Time (s): cpu = 00:00:46 ; elapsed = 00:01:23 . Memory (MB): peak = 2263.723 ; gain = 63.941 ; free physical = 1855 ; free virtual = 8816
---------------------------------------------------------------------------------
Synthesis finished with 0 errors, 0 critical warnings and 0 warnings.
Synthesis Optimization Runtime : Time (s): cpu = 00:00:43 ; elapsed = 00:01:18 . Memory (MB): peak = 2263.723 ; gain = 0.000 ; free physical = 1891 ; free virtual = 8852
Synthesis Optimization Complete : Time (s): cpu = 00:00:46 ; elapsed = 00:01:23 . Memory (MB): peak = 2263.723 ; gain = 63.941 ; free physical = 1891 ; free virtual = 8852
INFO: [Project 1-571] Translating synthesized netlist
Netlist sorting complete. Time (s): cpu = 00:00:00 ; elapsed = 00:00:00 . Memory (MB): peak = 2263.723 ; gain = 0.000 ; free physical = 1883 ; free virtual = 8844
INFO: [Project 1-570] Preparing netlist for logic optimization
INFO: [Opt 31-138] Pushed 0 inverter(s) to 0 load pin(s).
Netlist sorting complete. Time (s): cpu = 00:00:00 ; elapsed = 00:00:00 . Memory (MB): peak = 2263.723 ; gain = 0.000 ; free physical = 1865 ; free virtual = 8827
INFO: [Project 1-111] Unisim Transformation Summary:
No Unisim elements were transformed.

INFO: [Common 17-83] Releasing license: Synthesis
20 Infos, 1 Warnings, 0 Critical Warnings and 0 Errors encountered.
synth_design completed successfully
synth_design: Time (s): cpu = 00:01:05 ; elapsed = 00:01:50 . Memory (MB): peak = 2263.723 ; gain = 64.031 ; free physical = 2120 ; free virtual = 9082
INFO: [Common 17-1381] The checkpoint '/home/shahar/Downloads/anton/redpitaya_guide/tmp/4_frequency_counter/4_frequency_counter.runs/design_4_signal_spliter_1_0_synth_1/design_4_signal_spliter_1_0.dcp' has been generated.
WARNING: [Common 17-576] 'use_project_ipc' is deprecated. This option is deprecated and no longer used.
INFO: [Common 17-1381] The checkpoint '/home/shahar/Downloads/anton/redpitaya_guide/tmp/4_frequency_counter/4_frequency_counter.runs/design_4_signal_spliter_1_0_synth_1/design_4_signal_spliter_1_0.dcp' has been generated.
INFO: [runtcl-4] Executing : report_utilization -file design_4_signal_spliter_1_0_utilization_synth.rpt -pb design_4_signal_spliter_1_0_utilization_synth.pb
INFO: [Common 17-206] Exiting Vivado at Fri Mar 15 16:38:04 2024...
