
*** Running vivado
    with args -log system_axis_red_pitaya_dac_0_0.vds -m64 -product Vivado -mode batch -messageDb vivado.pb -notrace -source system_axis_red_pitaya_dac_0_0.tcl


****** Vivado v2020.1 (64-bit)
  **** SW Build 2902540 on Wed May 27 19:54:35 MDT 2020
  **** IP Build 2902112 on Wed May 27 22:43:36 MDT 2020
    ** Copyright 1986-2020 Xilinx, Inc. All Rights Reserved.

source system_axis_red_pitaya_dac_0_0.tcl -notrace
create_project: Time (s): cpu = 00:00:01 ; elapsed = 00:00:05 . Memory (MB): peak = 2121.414 ; gain = 2.020 ; free physical = 1451 ; free virtual = 2407
INFO: [IP_Flow 19-234] Refreshing IP repositories
INFO: [IP_Flow 19-1700] Loaded user IP repository '/home/shahar/Downloads/anton/redpitaya_guide/tmp/cores'.
INFO: [IP_Flow 19-2313] Loaded Vivado IP repository '/home/shahar/apps/Xilinx/Vivado/2020.1/data/ip'.
update_ip_catalog: Time (s): cpu = 00:00:00.93 ; elapsed = 00:00:11 . Memory (MB): peak = 2121.414 ; gain = 0.000 ; free physical = 1386 ; free virtual = 2355
Command: synth_design -top system_axis_red_pitaya_dac_0_0 -part xc7z010clg400-1 -mode out_of_context
Starting synth_design
Attempting to get a license for feature 'Synthesis' and/or device 'xc7z010'
INFO: [Common 17-349] Got license for feature 'Synthesis' and/or device 'xc7z010'
INFO: [Device 21-403] Loading part xc7z010clg400-1
INFO: [Synth 8-7079] Multithreading enabled for synth_design using a maximum of 4 processes.
INFO: [Synth 8-7078] Launching helper process for spawning children vivado processes
INFO: [Synth 8-7075] Helper process launched with PID 8903
---------------------------------------------------------------------------------
Starting RTL Elaboration : Time (s): cpu = 00:00:07 ; elapsed = 00:00:51 . Memory (MB): peak = 2121.504 ; gain = 0.000 ; free physical = 147 ; free virtual = 247
---------------------------------------------------------------------------------
INFO: [Synth 8-6157] synthesizing module 'system_axis_red_pitaya_dac_0_0' [/home/shahar/Downloads/anton/redpitaya_guide/tmp/4_frequency_counter/4_frequency_counter.srcs/sources_1/bd/system/ip/system_axis_red_pitaya_dac_0_0/synth/system_axis_red_pitaya_dac_0_0.v:57]
INFO: [Synth 8-6157] synthesizing module 'axis_red_pitaya_dac' [/home/shahar/Downloads/anton/redpitaya_guide/tmp/4_frequency_counter/4_frequency_counter.srcs/sources_1/bd/system/ipshared/ab40/src/axis_red_pitaya_dac.v:4]
	Parameter DAC_DATA_WIDTH bound to: 14 - type: integer 
	Parameter AXIS_TDATA_WIDTH bound to: 32 - type: integer 
INFO: [Synth 8-6157] synthesizing module 'ODDR' [/home/shahar/apps/Xilinx/Vivado/2020.1/scripts/rt/data/unisim_comp.v:49784]
	Parameter DDR_CLK_EDGE bound to: OPPOSITE_EDGE - type: string 
	Parameter INIT bound to: 1'b0 
	Parameter IS_C_INVERTED bound to: 1'b0 
	Parameter IS_D1_INVERTED bound to: 1'b0 
	Parameter IS_D2_INVERTED bound to: 1'b0 
	Parameter SRTYPE bound to: SYNC - type: string 
INFO: [Synth 8-6155] done synthesizing module 'ODDR' (1#1) [/home/shahar/apps/Xilinx/Vivado/2020.1/scripts/rt/data/unisim_comp.v:49784]
INFO: [Synth 8-6155] done synthesizing module 'axis_red_pitaya_dac' (2#1) [/home/shahar/Downloads/anton/redpitaya_guide/tmp/4_frequency_counter/4_frequency_counter.srcs/sources_1/bd/system/ipshared/ab40/src/axis_red_pitaya_dac.v:4]
INFO: [Synth 8-6155] done synthesizing module 'system_axis_red_pitaya_dac_0_0' (3#1) [/home/shahar/Downloads/anton/redpitaya_guide/tmp/4_frequency_counter/4_frequency_counter.srcs/sources_1/bd/system/ip/system_axis_red_pitaya_dac_0_0/synth/system_axis_red_pitaya_dac_0_0.v:57]
---------------------------------------------------------------------------------
Finished RTL Elaboration : Time (s): cpu = 00:00:08 ; elapsed = 00:06:22 . Memory (MB): peak = 2121.504 ; gain = 0.000 ; free physical = 918 ; free virtual = 1328
---------------------------------------------------------------------------------
---------------------------------------------------------------------------------
Start Handling Custom Attributes
---------------------------------------------------------------------------------
---------------------------------------------------------------------------------
Finished Handling Custom Attributes : Time (s): cpu = 00:00:08 ; elapsed = 00:06:24 . Memory (MB): peak = 2136.258 ; gain = 14.754 ; free physical = 974 ; free virtual = 1398
---------------------------------------------------------------------------------
---------------------------------------------------------------------------------
Finished RTL Optimization Phase 1 : Time (s): cpu = 00:00:08 ; elapsed = 00:06:24 . Memory (MB): peak = 2136.258 ; gain = 14.754 ; free physical = 974 ; free virtual = 1398
---------------------------------------------------------------------------------
Netlist sorting complete. Time (s): cpu = 00:00:00 ; elapsed = 00:00:00.04 . Memory (MB): peak = 2143.195 ; gain = 0.000 ; free physical = 977 ; free virtual = 1457
INFO: [Netlist 29-17] Analyzing 18 Unisim elements for replacement
INFO: [Netlist 29-28] Unisim Transformation completed in 0 CPU seconds
INFO: [Project 1-570] Preparing netlist for logic optimization

Processing XDC Constraints
Initializing timing engine
Completed Processing XDC Constraints

Netlist sorting complete. Time (s): cpu = 00:00:00 ; elapsed = 00:00:00 . Memory (MB): peak = 2288.039 ; gain = 0.000 ; free physical = 278 ; free virtual = 914
INFO: [Project 1-111] Unisim Transformation Summary:
No Unisim elements were transformed.

Constraint Validation Runtime : Time (s): cpu = 00:00:00.05 ; elapsed = 00:00:01 . Memory (MB): peak = 2288.039 ; gain = 0.000 ; free physical = 192 ; free virtual = 857
---------------------------------------------------------------------------------
Finished Constraint Validation : Time (s): cpu = 00:00:15 ; elapsed = 00:07:10 . Memory (MB): peak = 2288.039 ; gain = 166.535 ; free physical = 210 ; free virtual = 599
---------------------------------------------------------------------------------
---------------------------------------------------------------------------------
Start Loading Part and Timing Information
---------------------------------------------------------------------------------
Loading part: xc7z010clg400-1
---------------------------------------------------------------------------------
Finished Loading Part and Timing Information : Time (s): cpu = 00:00:15 ; elapsed = 00:07:10 . Memory (MB): peak = 2288.039 ; gain = 166.535 ; free physical = 207 ; free virtual = 595
---------------------------------------------------------------------------------
---------------------------------------------------------------------------------
Start Applying 'set_property' XDC Constraints
---------------------------------------------------------------------------------
---------------------------------------------------------------------------------
Finished applying 'set_property' XDC Constraints : Time (s): cpu = 00:00:15 ; elapsed = 00:07:11 . Memory (MB): peak = 2288.039 ; gain = 166.535 ; free physical = 202 ; free virtual = 588
---------------------------------------------------------------------------------
---------------------------------------------------------------------------------
Finished RTL Optimization Phase 2 : Time (s): cpu = 00:00:16 ; elapsed = 00:07:16 . Memory (MB): peak = 2288.039 ; gain = 166.535 ; free physical = 165 ; free virtual = 550
---------------------------------------------------------------------------------
---------------------------------------------------------------------------------
Start RTL Component Statistics 
---------------------------------------------------------------------------------
Detailed RTL Component Info : 
+---Registers : 
	               14 Bit    Registers := 2     
	                1 Bit    Registers := 1     
---------------------------------------------------------------------------------
Finished RTL Component Statistics 
---------------------------------------------------------------------------------
---------------------------------------------------------------------------------
Start Part Resource Summary
---------------------------------------------------------------------------------
Part Resources:
DSPs: 80 (col length:40)
BRAMs: 120 (col length: RAMB18 40 RAMB36 20)
---------------------------------------------------------------------------------
Finished Part Resource Summary
---------------------------------------------------------------------------------
---------------------------------------------------------------------------------
Start Cross Boundary and Area Optimization
---------------------------------------------------------------------------------
---------------------------------------------------------------------------------
Finished Cross Boundary and Area Optimization : Time (s): cpu = 00:00:17 ; elapsed = 00:07:22 . Memory (MB): peak = 2288.039 ; gain = 166.535 ; free physical = 123 ; free virtual = 477
---------------------------------------------------------------------------------
---------------------------------------------------------------------------------
Start Applying XDC Timing Constraints
---------------------------------------------------------------------------------
---------------------------------------------------------------------------------
Finished Applying XDC Timing Constraints : Time (s): cpu = 00:00:24 ; elapsed = 00:08:13 . Memory (MB): peak = 2288.039 ; gain = 166.535 ; free physical = 2342 ; free virtual = 9991
---------------------------------------------------------------------------------
---------------------------------------------------------------------------------
Start Timing Optimization
---------------------------------------------------------------------------------
---------------------------------------------------------------------------------
Finished Timing Optimization : Time (s): cpu = 00:00:24 ; elapsed = 00:08:16 . Memory (MB): peak = 2288.039 ; gain = 166.535 ; free physical = 2272 ; free virtual = 9946
---------------------------------------------------------------------------------
---------------------------------------------------------------------------------
Start Technology Mapping
---------------------------------------------------------------------------------
---------------------------------------------------------------------------------
Finished Technology Mapping : Time (s): cpu = 00:00:24 ; elapsed = 00:08:17 . Memory (MB): peak = 2288.039 ; gain = 166.535 ; free physical = 2261 ; free virtual = 9941
---------------------------------------------------------------------------------
---------------------------------------------------------------------------------
Start IO Insertion
---------------------------------------------------------------------------------
---------------------------------------------------------------------------------
Start Flattening Before IO Insertion
---------------------------------------------------------------------------------
---------------------------------------------------------------------------------
Finished Flattening Before IO Insertion
---------------------------------------------------------------------------------
---------------------------------------------------------------------------------
Start Final Netlist Cleanup
---------------------------------------------------------------------------------
---------------------------------------------------------------------------------
Finished Final Netlist Cleanup
---------------------------------------------------------------------------------
---------------------------------------------------------------------------------
Finished IO Insertion : Time (s): cpu = 00:00:28 ; elapsed = 00:08:22 . Memory (MB): peak = 2288.039 ; gain = 166.535 ; free physical = 3592 ; free virtual = 11306
---------------------------------------------------------------------------------
---------------------------------------------------------------------------------
Start Renaming Generated Instances
---------------------------------------------------------------------------------
---------------------------------------------------------------------------------
Finished Renaming Generated Instances : Time (s): cpu = 00:00:28 ; elapsed = 00:08:22 . Memory (MB): peak = 2288.039 ; gain = 166.535 ; free physical = 3592 ; free virtual = 11306
---------------------------------------------------------------------------------
---------------------------------------------------------------------------------
Start Rebuilding User Hierarchy
---------------------------------------------------------------------------------
---------------------------------------------------------------------------------
Finished Rebuilding User Hierarchy : Time (s): cpu = 00:00:28 ; elapsed = 00:08:22 . Memory (MB): peak = 2288.039 ; gain = 166.535 ; free physical = 3592 ; free virtual = 11305
---------------------------------------------------------------------------------
---------------------------------------------------------------------------------
Start Renaming Generated Ports
---------------------------------------------------------------------------------
---------------------------------------------------------------------------------
Finished Renaming Generated Ports : Time (s): cpu = 00:00:28 ; elapsed = 00:08:22 . Memory (MB): peak = 2288.039 ; gain = 166.535 ; free physical = 3603 ; free virtual = 11316
---------------------------------------------------------------------------------
---------------------------------------------------------------------------------
Start Handling Custom Attributes
---------------------------------------------------------------------------------
---------------------------------------------------------------------------------
Finished Handling Custom Attributes : Time (s): cpu = 00:00:28 ; elapsed = 00:08:22 . Memory (MB): peak = 2288.039 ; gain = 166.535 ; free physical = 3596 ; free virtual = 11310
---------------------------------------------------------------------------------
---------------------------------------------------------------------------------
Start Renaming Generated Nets
---------------------------------------------------------------------------------
---------------------------------------------------------------------------------
Finished Renaming Generated Nets : Time (s): cpu = 00:00:28 ; elapsed = 00:08:22 . Memory (MB): peak = 2288.039 ; gain = 166.535 ; free physical = 3594 ; free virtual = 11308
---------------------------------------------------------------------------------
---------------------------------------------------------------------------------
Start Writing Synthesis Report
---------------------------------------------------------------------------------

Report BlackBoxes: 
+-+--------------+----------+
| |BlackBox name |Instances |
+-+--------------+----------+
+-+--------------+----------+

Report Cell Usage: 
+------+-----+------+
|      |Cell |Count |
+------+-----+------+
|1     |LUT1 |    26|
|2     |LUT2 |     1|
|3     |ODDR |    18|
|4     |FDRE |    29|
+------+-----+------+
---------------------------------------------------------------------------------
Finished Writing Synthesis Report : Time (s): cpu = 00:00:28 ; elapsed = 00:08:22 . Memory (MB): peak = 2288.039 ; gain = 166.535 ; free physical = 3593 ; free virtual = 11307
---------------------------------------------------------------------------------
Synthesis finished with 0 errors, 0 critical warnings and 0 warnings.
Synthesis Optimization Runtime : Time (s): cpu = 00:00:26 ; elapsed = 00:08:01 . Memory (MB): peak = 2288.039 ; gain = 14.754 ; free physical = 3704 ; free virtual = 11418
Synthesis Optimization Complete : Time (s): cpu = 00:00:28 ; elapsed = 00:08:22 . Memory (MB): peak = 2288.039 ; gain = 166.535 ; free physical = 3667 ; free virtual = 11399
INFO: [Project 1-571] Translating synthesized netlist
Netlist sorting complete. Time (s): cpu = 00:00:00.01 ; elapsed = 00:00:00.09 . Memory (MB): peak = 2288.039 ; gain = 0.000 ; free physical = 3453 ; free virtual = 11226
INFO: [Netlist 29-17] Analyzing 18 Unisim elements for replacement
INFO: [Netlist 29-28] Unisim Transformation completed in 0 CPU seconds
INFO: [Project 1-570] Preparing netlist for logic optimization
INFO: [Opt 31-138] Pushed 0 inverter(s) to 0 load pin(s).
Netlist sorting complete. Time (s): cpu = 00:00:00 ; elapsed = 00:00:00 . Memory (MB): peak = 2288.039 ; gain = 0.000 ; free physical = 3199 ; free virtual = 11065
INFO: [Project 1-111] Unisim Transformation Summary:
No Unisim elements were transformed.

INFO: [Common 17-83] Releasing license: Synthesis
25 Infos, 0 Warnings, 0 Critical Warnings and 0 Errors encountered.
synth_design completed successfully
synth_design: Time (s): cpu = 00:00:36 ; elapsed = 00:09:07 . Memory (MB): peak = 2288.039 ; gain = 166.625 ; free physical = 3556 ; free virtual = 11431
INFO: [Common 17-1381] The checkpoint '/home/shahar/Downloads/anton/redpitaya_guide/tmp/4_frequency_counter/4_frequency_counter.runs/system_axis_red_pitaya_dac_0_0_synth_1/system_axis_red_pitaya_dac_0_0.dcp' has been generated.
WARNING: [Common 17-576] 'use_project_ipc' is deprecated. This option is deprecated and no longer used.
INFO: [Coretcl 2-1648] Added synthesis output to IP cache for IP system_axis_red_pitaya_dac_0_0, cache-ID = d8d44deeeef896e1
INFO: [Common 17-1381] The checkpoint '/home/shahar/Downloads/anton/redpitaya_guide/tmp/4_frequency_counter/4_frequency_counter.runs/system_axis_red_pitaya_dac_0_0_synth_1/system_axis_red_pitaya_dac_0_0.dcp' has been generated.
INFO: [runtcl-4] Executing : report_utilization -file system_axis_red_pitaya_dac_0_0_utilization_synth.rpt -pb system_axis_red_pitaya_dac_0_0_utilization_synth.pb
INFO: [Common 17-206] Exiting Vivado at Wed Feb 21 09:11:38 2024...
Parent process (pid 8485) has died. This helper process will now exit
