
*** Running vivado
    with args -log design_1_stop_count_0_1.vds -m64 -product Vivado -mode batch -messageDb vivado.pb -notrace -source design_1_stop_count_0_1.tcl


****** Vivado v2020.1 (64-bit)
  **** SW Build 2902540 on Wed May 27 19:54:35 MDT 2020
  **** IP Build 2902112 on Wed May 27 22:43:36 MDT 2020
    ** Copyright 1986-2020 Xilinx, Inc. All Rights Reserved.

source design_1_stop_count_0_1.tcl -notrace
INFO: [IP_Flow 19-234] Refreshing IP repositories
INFO: [IP_Flow 19-1700] Loaded user IP repository '/home/shahar/Downloads/ip_repo'.
INFO: [IP_Flow 19-1700] Loaded user IP repository '/home/shahar/Downloads/anton/redpitaya_guide/tmp/cores'.
INFO: [IP_Flow 19-2313] Loaded Vivado IP repository '/home/shahar/apps/Xilinx/Vivado/2020.1/data/ip'.
Command: synth_design -top design_1_stop_count_0_1 -part xc7z010clg400-1 -mode out_of_context
Starting synth_design
WARNING: [IP_Flow 19-3571] IP 'design_1_stop_count_0_1' is restricted:
* Module reference is stale and needs refreshing.
Attempting to get a license for feature 'Synthesis' and/or device 'xc7z010'
INFO: [Common 17-349] Got license for feature 'Synthesis' and/or device 'xc7z010'
INFO: [Device 21-403] Loading part xc7z010clg400-1
INFO: [Synth 8-7079] Multithreading enabled for synth_design using a maximum of 4 processes.
INFO: [Synth 8-7078] Launching helper process for spawning children vivado processes
INFO: [Synth 8-7075] Helper process launched with PID 9032
---------------------------------------------------------------------------------
Starting RTL Elaboration : Time (s): cpu = 00:00:04 ; elapsed = 00:00:07 . Memory (MB): peak = 2206.719 ; gain = 0.000 ; free physical = 2739 ; free virtual = 5616
---------------------------------------------------------------------------------
INFO: [Synth 8-6157] synthesizing module 'design_1_stop_count_0_1' [/home/shahar/Downloads/anton/redpitaya_guide/tmp/4_frequency_counter/4_frequency_counter.srcs/sources_1/bd/design_1/ip/design_1_stop_count_0_1/synth/design_1_stop_count_0_1.v:58]
INFO: [Synth 8-6157] synthesizing module 'stop_count' [/home/shahar/Downloads/anton/redpitaya_guide/tmp/4_frequency_counter/4_frequency_counter.srcs/sources_1/new/stop_count.v:23]
INFO: [Synth 8-6155] done synthesizing module 'stop_count' (1#1) [/home/shahar/Downloads/anton/redpitaya_guide/tmp/4_frequency_counter/4_frequency_counter.srcs/sources_1/new/stop_count.v:23]
INFO: [Synth 8-6155] done synthesizing module 'design_1_stop_count_0_1' (2#1) [/home/shahar/Downloads/anton/redpitaya_guide/tmp/4_frequency_counter/4_frequency_counter.srcs/sources_1/bd/design_1/ip/design_1_stop_count_0_1/synth/design_1_stop_count_0_1.v:58]
---------------------------------------------------------------------------------
Finished RTL Elaboration : Time (s): cpu = 00:00:05 ; elapsed = 00:00:09 . Memory (MB): peak = 2206.719 ; gain = 0.000 ; free physical = 2762 ; free virtual = 5641
---------------------------------------------------------------------------------
---------------------------------------------------------------------------------
Start Handling Custom Attributes
---------------------------------------------------------------------------------
---------------------------------------------------------------------------------
Finished Handling Custom Attributes : Time (s): cpu = 00:00:05 ; elapsed = 00:00:10 . Memory (MB): peak = 2206.719 ; gain = 0.000 ; free physical = 2777 ; free virtual = 5657
---------------------------------------------------------------------------------
---------------------------------------------------------------------------------
Finished RTL Optimization Phase 1 : Time (s): cpu = 00:00:05 ; elapsed = 00:00:10 . Memory (MB): peak = 2206.719 ; gain = 0.000 ; free physical = 2777 ; free virtual = 5657
---------------------------------------------------------------------------------
Netlist sorting complete. Time (s): cpu = 00:00:00 ; elapsed = 00:00:00 . Memory (MB): peak = 2206.719 ; gain = 0.000 ; free physical = 2790 ; free virtual = 5669
INFO: [Project 1-570] Preparing netlist for logic optimization

Processing XDC Constraints
Initializing timing engine
Completed Processing XDC Constraints

Netlist sorting complete. Time (s): cpu = 00:00:00 ; elapsed = 00:00:00 . Memory (MB): peak = 2270.660 ; gain = 0.000 ; free physical = 2645 ; free virtual = 5525
INFO: [Project 1-111] Unisim Transformation Summary:
No Unisim elements were transformed.

Constraint Validation Runtime : Time (s): cpu = 00:00:00.02 ; elapsed = 00:00:00.08 . Memory (MB): peak = 2270.660 ; gain = 0.000 ; free physical = 2639 ; free virtual = 5519
---------------------------------------------------------------------------------
Finished Constraint Validation : Time (s): cpu = 00:00:13 ; elapsed = 00:00:23 . Memory (MB): peak = 2270.660 ; gain = 63.941 ; free physical = 2708 ; free virtual = 5589
---------------------------------------------------------------------------------
---------------------------------------------------------------------------------
Start Loading Part and Timing Information
---------------------------------------------------------------------------------
Loading part: xc7z010clg400-1
---------------------------------------------------------------------------------
Finished Loading Part and Timing Information : Time (s): cpu = 00:00:13 ; elapsed = 00:00:23 . Memory (MB): peak = 2270.660 ; gain = 63.941 ; free physical = 2708 ; free virtual = 5589
---------------------------------------------------------------------------------
---------------------------------------------------------------------------------
Start Applying 'set_property' XDC Constraints
---------------------------------------------------------------------------------
---------------------------------------------------------------------------------
Finished applying 'set_property' XDC Constraints : Time (s): cpu = 00:00:13 ; elapsed = 00:00:23 . Memory (MB): peak = 2270.660 ; gain = 63.941 ; free physical = 2707 ; free virtual = 5588
---------------------------------------------------------------------------------
---------------------------------------------------------------------------------
Finished RTL Optimization Phase 2 : Time (s): cpu = 00:00:13 ; elapsed = 00:00:23 . Memory (MB): peak = 2270.660 ; gain = 63.941 ; free physical = 2733 ; free virtual = 5614
---------------------------------------------------------------------------------
---------------------------------------------------------------------------------
Start RTL Component Statistics 
---------------------------------------------------------------------------------
Detailed RTL Component Info : 
---------------------------------------------------------------------------------
Finished RTL Component Statistics 
---------------------------------------------------------------------------------
---------------------------------------------------------------------------------
Start Part Resource Summary
---------------------------------------------------------------------------------
Part Resources:
DSPs: 80 (col length:40)
BRAMs: 120 (col length: RAMB18 40 RAMB36 20)
---------------------------------------------------------------------------------
Finished Part Resource Summary
---------------------------------------------------------------------------------
---------------------------------------------------------------------------------
Start Cross Boundary and Area Optimization
---------------------------------------------------------------------------------
---------------------------------------------------------------------------------
Finished Cross Boundary and Area Optimization : Time (s): cpu = 00:00:15 ; elapsed = 00:00:25 . Memory (MB): peak = 2270.660 ; gain = 63.941 ; free physical = 2711 ; free virtual = 5599
---------------------------------------------------------------------------------
---------------------------------------------------------------------------------
Start Applying XDC Timing Constraints
---------------------------------------------------------------------------------
---------------------------------------------------------------------------------
Finished Applying XDC Timing Constraints : Time (s): cpu = 00:00:25 ; elapsed = 00:00:40 . Memory (MB): peak = 2270.660 ; gain = 63.941 ; free physical = 2479 ; free virtual = 5367
---------------------------------------------------------------------------------
---------------------------------------------------------------------------------
Start Timing Optimization
---------------------------------------------------------------------------------
---------------------------------------------------------------------------------
Finished Timing Optimization : Time (s): cpu = 00:00:25 ; elapsed = 00:00:40 . Memory (MB): peak = 2270.660 ; gain = 63.941 ; free physical = 2478 ; free virtual = 5367
---------------------------------------------------------------------------------
---------------------------------------------------------------------------------
Start Technology Mapping
---------------------------------------------------------------------------------
---------------------------------------------------------------------------------
Finished Technology Mapping : Time (s): cpu = 00:00:25 ; elapsed = 00:00:40 . Memory (MB): peak = 2270.660 ; gain = 63.941 ; free physical = 2472 ; free virtual = 5360
---------------------------------------------------------------------------------
---------------------------------------------------------------------------------
Start IO Insertion
---------------------------------------------------------------------------------
---------------------------------------------------------------------------------
Start Flattening Before IO Insertion
---------------------------------------------------------------------------------
---------------------------------------------------------------------------------
Finished Flattening Before IO Insertion
---------------------------------------------------------------------------------
---------------------------------------------------------------------------------
Start Final Netlist Cleanup
---------------------------------------------------------------------------------
---------------------------------------------------------------------------------
Finished Final Netlist Cleanup
---------------------------------------------------------------------------------
---------------------------------------------------------------------------------
Finished IO Insertion : Time (s): cpu = 00:00:30 ; elapsed = 00:00:45 . Memory (MB): peak = 2270.660 ; gain = 63.941 ; free physical = 2541 ; free virtual = 5429
---------------------------------------------------------------------------------
---------------------------------------------------------------------------------
Start Renaming Generated Instances
---------------------------------------------------------------------------------
---------------------------------------------------------------------------------
Finished Renaming Generated Instances : Time (s): cpu = 00:00:30 ; elapsed = 00:00:45 . Memory (MB): peak = 2270.660 ; gain = 63.941 ; free physical = 2541 ; free virtual = 5429
---------------------------------------------------------------------------------
---------------------------------------------------------------------------------
Start Rebuilding User Hierarchy
---------------------------------------------------------------------------------
---------------------------------------------------------------------------------
Finished Rebuilding User Hierarchy : Time (s): cpu = 00:00:30 ; elapsed = 00:00:45 . Memory (MB): peak = 2270.660 ; gain = 63.941 ; free physical = 2541 ; free virtual = 5429
---------------------------------------------------------------------------------
---------------------------------------------------------------------------------
Start Renaming Generated Ports
---------------------------------------------------------------------------------
---------------------------------------------------------------------------------
Finished Renaming Generated Ports : Time (s): cpu = 00:00:30 ; elapsed = 00:00:45 . Memory (MB): peak = 2270.660 ; gain = 63.941 ; free physical = 2541 ; free virtual = 5429
---------------------------------------------------------------------------------
---------------------------------------------------------------------------------
Start Handling Custom Attributes
---------------------------------------------------------------------------------
---------------------------------------------------------------------------------
Finished Handling Custom Attributes : Time (s): cpu = 00:00:30 ; elapsed = 00:00:45 . Memory (MB): peak = 2270.660 ; gain = 63.941 ; free physical = 2540 ; free virtual = 5429
---------------------------------------------------------------------------------
---------------------------------------------------------------------------------
Start Renaming Generated Nets
---------------------------------------------------------------------------------
---------------------------------------------------------------------------------
Finished Renaming Generated Nets : Time (s): cpu = 00:00:30 ; elapsed = 00:00:45 . Memory (MB): peak = 2270.660 ; gain = 63.941 ; free physical = 2540 ; free virtual = 5429
---------------------------------------------------------------------------------
---------------------------------------------------------------------------------
Start Writing Synthesis Report
---------------------------------------------------------------------------------

Report BlackBoxes: 
+-+--------------+----------+
| |BlackBox name |Instances |
+-+--------------+----------+
+-+--------------+----------+

Report Cell Usage: 
+------+-----+------+
|      |Cell |Count |
+------+-----+------+
|1     |LUT1 |     1|
+------+-----+------+
---------------------------------------------------------------------------------
Finished Writing Synthesis Report : Time (s): cpu = 00:00:30 ; elapsed = 00:00:45 . Memory (MB): peak = 2270.660 ; gain = 63.941 ; free physical = 2540 ; free virtual = 5429
---------------------------------------------------------------------------------
Synthesis finished with 0 errors, 0 critical warnings and 0 warnings.
Synthesis Optimization Runtime : Time (s): cpu = 00:00:29 ; elapsed = 00:00:43 . Memory (MB): peak = 2270.660 ; gain = 0.000 ; free physical = 2673 ; free virtual = 5561
Synthesis Optimization Complete : Time (s): cpu = 00:00:31 ; elapsed = 00:00:45 . Memory (MB): peak = 2270.660 ; gain = 63.941 ; free physical = 2673 ; free virtual = 5561
INFO: [Project 1-571] Translating synthesized netlist
Netlist sorting complete. Time (s): cpu = 00:00:00 ; elapsed = 00:00:00 . Memory (MB): peak = 2270.660 ; gain = 0.000 ; free physical = 2710 ; free virtual = 5598
INFO: [Project 1-570] Preparing netlist for logic optimization
INFO: [Opt 31-138] Pushed 0 inverter(s) to 0 load pin(s).
Netlist sorting complete. Time (s): cpu = 00:00:00 ; elapsed = 00:00:00 . Memory (MB): peak = 2270.660 ; gain = 0.000 ; free physical = 2750 ; free virtual = 5635
INFO: [Project 1-111] Unisim Transformation Summary:
No Unisim elements were transformed.

INFO: [Common 17-83] Releasing license: Synthesis
20 Infos, 1 Warnings, 0 Critical Warnings and 0 Errors encountered.
synth_design completed successfully
synth_design: Time (s): cpu = 00:00:41 ; elapsed = 00:01:18 . Memory (MB): peak = 2270.660 ; gain = 64.031 ; free physical = 2886 ; free virtual = 5771
INFO: [Common 17-1381] The checkpoint '/home/shahar/Downloads/anton/redpitaya_guide/tmp/4_frequency_counter/4_frequency_counter.runs/design_1_stop_count_0_1_synth_1/design_1_stop_count_0_1.dcp' has been generated.
WARNING: [Common 17-576] 'use_project_ipc' is deprecated. This option is deprecated and no longer used.
INFO: [Common 17-1381] The checkpoint '/home/shahar/Downloads/anton/redpitaya_guide/tmp/4_frequency_counter/4_frequency_counter.runs/design_1_stop_count_0_1_synth_1/design_1_stop_count_0_1.dcp' has been generated.
INFO: [runtcl-4] Executing : report_utilization -file design_1_stop_count_0_1_utilization_synth.rpt -pb design_1_stop_count_0_1_utilization_synth.pb
INFO: [Common 17-206] Exiting Vivado at Mon Feb 26 00:06:20 2024...
