
*** Running vivado
    with args -log design_3_signal_spliter_1_2.vds -m64 -product Vivado -mode batch -messageDb vivado.pb -notrace -source design_3_signal_spliter_1_2.tcl


****** Vivado v2020.1 (64-bit)
  **** SW Build 2902540 on Wed May 27 19:54:35 MDT 2020
  **** IP Build 2902112 on Wed May 27 22:43:36 MDT 2020
    ** Copyright 1986-2020 Xilinx, Inc. All Rights Reserved.

source design_3_signal_spliter_1_2.tcl -notrace
INFO: [IP_Flow 19-234] Refreshing IP repositories
INFO: [IP_Flow 19-1700] Loaded user IP repository '/home/shahar/Downloads/ip_repo'.
INFO: [IP_Flow 19-1700] Loaded user IP repository '/home/shahar/Downloads/anton/redpitaya_guide/tmp/cores'.
INFO: [IP_Flow 19-2313] Loaded Vivado IP repository '/home/shahar/apps/Xilinx/Vivado/2020.1/data/ip'.
Command: synth_design -top design_3_signal_spliter_1_2 -part xc7z010clg400-1 -mode out_of_context
Starting synth_design
WARNING: [IP_Flow 19-3571] IP 'design_3_signal_spliter_1_2' is restricted:
* Module reference is stale and needs refreshing.
Attempting to get a license for feature 'Synthesis' and/or device 'xc7z010'
INFO: [Common 17-349] Got license for feature 'Synthesis' and/or device 'xc7z010'
INFO: [Device 21-403] Loading part xc7z010clg400-1
INFO: [Synth 8-7079] Multithreading enabled for synth_design using a maximum of 4 processes.
INFO: [Synth 8-7078] Launching helper process for spawning children vivado processes
INFO: [Synth 8-7075] Helper process launched with PID 20961
---------------------------------------------------------------------------------
Starting RTL Elaboration : Time (s): cpu = 00:00:07 ; elapsed = 00:00:35 . Memory (MB): peak = 2277.758 ; gain = 0.000 ; free physical = 108 ; free virtual = 7747
---------------------------------------------------------------------------------
INFO: [Synth 8-6157] synthesizing module 'design_3_signal_spliter_1_2' [/home/shahar/Downloads/anton/redpitaya_guide/tmp/4_frequency_counter/4_frequency_counter.srcs/sources_1/bd/design_3/ip/design_3_signal_spliter_1_2/synth/design_3_signal_spliter_1_2.v:58]
INFO: [Synth 8-6157] synthesizing module 'signal_spliter' [/home/shahar/Downloads/anton/redpitaya_guide/tmp/4_frequency_counter/4_frequency_counter.srcs/sources_1/new/signal_spliter.v:23]
INFO: [Synth 8-6155] done synthesizing module 'signal_spliter' (1#1) [/home/shahar/Downloads/anton/redpitaya_guide/tmp/4_frequency_counter/4_frequency_counter.srcs/sources_1/new/signal_spliter.v:23]
INFO: [Synth 8-6155] done synthesizing module 'design_3_signal_spliter_1_2' (2#1) [/home/shahar/Downloads/anton/redpitaya_guide/tmp/4_frequency_counter/4_frequency_counter.srcs/sources_1/bd/design_3/ip/design_3_signal_spliter_1_2/synth/design_3_signal_spliter_1_2.v:58]
---------------------------------------------------------------------------------
Finished RTL Elaboration : Time (s): cpu = 00:00:09 ; elapsed = 00:01:18 . Memory (MB): peak = 2277.758 ; gain = 0.000 ; free physical = 2070 ; free virtual = 9302
---------------------------------------------------------------------------------
---------------------------------------------------------------------------------
Start Handling Custom Attributes
---------------------------------------------------------------------------------
---------------------------------------------------------------------------------
Finished Handling Custom Attributes : Time (s): cpu = 00:00:09 ; elapsed = 00:01:21 . Memory (MB): peak = 2277.758 ; gain = 0.000 ; free physical = 2002 ; free virtual = 9265
---------------------------------------------------------------------------------
---------------------------------------------------------------------------------
Finished RTL Optimization Phase 1 : Time (s): cpu = 00:00:09 ; elapsed = 00:01:21 . Memory (MB): peak = 2277.758 ; gain = 0.000 ; free physical = 2002 ; free virtual = 9265
---------------------------------------------------------------------------------
Netlist sorting complete. Time (s): cpu = 00:00:00 ; elapsed = 00:00:00.12 . Memory (MB): peak = 2277.758 ; gain = 0.000 ; free physical = 1909 ; free virtual = 9197
INFO: [Project 1-570] Preparing netlist for logic optimization

Processing XDC Constraints
Initializing timing engine
Completed Processing XDC Constraints

Netlist sorting complete. Time (s): cpu = 00:00:00 ; elapsed = 00:00:00 . Memory (MB): peak = 2341.785 ; gain = 0.000 ; free physical = 1617 ; free virtual = 8988
INFO: [Project 1-111] Unisim Transformation Summary:
No Unisim elements were transformed.

Constraint Validation Runtime : Time (s): cpu = 00:00:00.01 ; elapsed = 00:00:00.30 . Memory (MB): peak = 2341.785 ; gain = 0.000 ; free physical = 1619 ; free virtual = 8993
---------------------------------------------------------------------------------
Finished Constraint Validation : Time (s): cpu = 00:00:19 ; elapsed = 00:01:45 . Memory (MB): peak = 2341.785 ; gain = 64.027 ; free physical = 1790 ; free virtual = 9171
---------------------------------------------------------------------------------
---------------------------------------------------------------------------------
Start Loading Part and Timing Information
---------------------------------------------------------------------------------
Loading part: xc7z010clg400-1
---------------------------------------------------------------------------------
Finished Loading Part and Timing Information : Time (s): cpu = 00:00:19 ; elapsed = 00:01:45 . Memory (MB): peak = 2341.785 ; gain = 64.027 ; free physical = 1790 ; free virtual = 9171
---------------------------------------------------------------------------------
---------------------------------------------------------------------------------
Start Applying 'set_property' XDC Constraints
---------------------------------------------------------------------------------
---------------------------------------------------------------------------------
Finished applying 'set_property' XDC Constraints : Time (s): cpu = 00:00:19 ; elapsed = 00:01:45 . Memory (MB): peak = 2341.785 ; gain = 64.027 ; free physical = 1790 ; free virtual = 9170
---------------------------------------------------------------------------------
---------------------------------------------------------------------------------
Finished RTL Optimization Phase 2 : Time (s): cpu = 00:00:19 ; elapsed = 00:01:45 . Memory (MB): peak = 2341.785 ; gain = 64.027 ; free physical = 1794 ; free virtual = 9178
---------------------------------------------------------------------------------
---------------------------------------------------------------------------------
Start RTL Component Statistics 
---------------------------------------------------------------------------------
Detailed RTL Component Info : 
---------------------------------------------------------------------------------
Finished RTL Component Statistics 
---------------------------------------------------------------------------------
---------------------------------------------------------------------------------
Start Part Resource Summary
---------------------------------------------------------------------------------
Part Resources:
DSPs: 80 (col length:40)
BRAMs: 120 (col length: RAMB18 40 RAMB36 20)
---------------------------------------------------------------------------------
Finished Part Resource Summary
---------------------------------------------------------------------------------
---------------------------------------------------------------------------------
Start Cross Boundary and Area Optimization
---------------------------------------------------------------------------------
---------------------------------------------------------------------------------
Finished Cross Boundary and Area Optimization : Time (s): cpu = 00:00:21 ; elapsed = 00:01:47 . Memory (MB): peak = 2341.785 ; gain = 64.027 ; free physical = 1818 ; free virtual = 9215
---------------------------------------------------------------------------------
---------------------------------------------------------------------------------
Start Applying XDC Timing Constraints
---------------------------------------------------------------------------------
---------------------------------------------------------------------------------
Finished Applying XDC Timing Constraints : Time (s): cpu = 00:00:35 ; elapsed = 00:02:08 . Memory (MB): peak = 2341.785 ; gain = 64.027 ; free physical = 1305 ; free virtual = 8748
---------------------------------------------------------------------------------
---------------------------------------------------------------------------------
Start Timing Optimization
---------------------------------------------------------------------------------
---------------------------------------------------------------------------------
Finished Timing Optimization : Time (s): cpu = 00:00:35 ; elapsed = 00:02:08 . Memory (MB): peak = 2341.785 ; gain = 64.027 ; free physical = 1303 ; free virtual = 8746
---------------------------------------------------------------------------------
---------------------------------------------------------------------------------
Start Technology Mapping
---------------------------------------------------------------------------------
---------------------------------------------------------------------------------
Finished Technology Mapping : Time (s): cpu = 00:00:35 ; elapsed = 00:02:08 . Memory (MB): peak = 2341.785 ; gain = 64.027 ; free physical = 1291 ; free virtual = 8735
---------------------------------------------------------------------------------
---------------------------------------------------------------------------------
Start IO Insertion
---------------------------------------------------------------------------------
---------------------------------------------------------------------------------
Start Flattening Before IO Insertion
---------------------------------------------------------------------------------
---------------------------------------------------------------------------------
Finished Flattening Before IO Insertion
---------------------------------------------------------------------------------
---------------------------------------------------------------------------------
Start Final Netlist Cleanup
---------------------------------------------------------------------------------
---------------------------------------------------------------------------------
Finished Final Netlist Cleanup
---------------------------------------------------------------------------------
---------------------------------------------------------------------------------
Finished IO Insertion : Time (s): cpu = 00:00:42 ; elapsed = 00:02:16 . Memory (MB): peak = 2341.785 ; gain = 64.027 ; free physical = 1243 ; free virtual = 8689
---------------------------------------------------------------------------------
---------------------------------------------------------------------------------
Start Renaming Generated Instances
---------------------------------------------------------------------------------
---------------------------------------------------------------------------------
Finished Renaming Generated Instances : Time (s): cpu = 00:00:42 ; elapsed = 00:02:16 . Memory (MB): peak = 2341.785 ; gain = 64.027 ; free physical = 1243 ; free virtual = 8689
---------------------------------------------------------------------------------
---------------------------------------------------------------------------------
Start Rebuilding User Hierarchy
---------------------------------------------------------------------------------
---------------------------------------------------------------------------------
Finished Rebuilding User Hierarchy : Time (s): cpu = 00:00:42 ; elapsed = 00:02:16 . Memory (MB): peak = 2341.785 ; gain = 64.027 ; free physical = 1243 ; free virtual = 8689
---------------------------------------------------------------------------------
---------------------------------------------------------------------------------
Start Renaming Generated Ports
---------------------------------------------------------------------------------
---------------------------------------------------------------------------------
Finished Renaming Generated Ports : Time (s): cpu = 00:00:42 ; elapsed = 00:02:16 . Memory (MB): peak = 2341.785 ; gain = 64.027 ; free physical = 1243 ; free virtual = 8689
---------------------------------------------------------------------------------
---------------------------------------------------------------------------------
Start Handling Custom Attributes
---------------------------------------------------------------------------------
---------------------------------------------------------------------------------
Finished Handling Custom Attributes : Time (s): cpu = 00:00:42 ; elapsed = 00:02:16 . Memory (MB): peak = 2341.785 ; gain = 64.027 ; free physical = 1243 ; free virtual = 8689
---------------------------------------------------------------------------------
---------------------------------------------------------------------------------
Start Renaming Generated Nets
---------------------------------------------------------------------------------
---------------------------------------------------------------------------------
Finished Renaming Generated Nets : Time (s): cpu = 00:00:42 ; elapsed = 00:02:16 . Memory (MB): peak = 2341.785 ; gain = 64.027 ; free physical = 1242 ; free virtual = 8689
---------------------------------------------------------------------------------
---------------------------------------------------------------------------------
Start Writing Synthesis Report
---------------------------------------------------------------------------------

Report BlackBoxes: 
+-+--------------+----------+
| |BlackBox name |Instances |
+-+--------------+----------+
+-+--------------+----------+

Report Cell Usage: 
+-+-----+------+
| |Cell |Count |
+-+-----+------+
+-+-----+------+
---------------------------------------------------------------------------------
Finished Writing Synthesis Report : Time (s): cpu = 00:00:42 ; elapsed = 00:02:16 . Memory (MB): peak = 2341.785 ; gain = 64.027 ; free physical = 1242 ; free virtual = 8689
---------------------------------------------------------------------------------
Synthesis finished with 0 errors, 0 critical warnings and 0 warnings.
Synthesis Optimization Runtime : Time (s): cpu = 00:00:40 ; elapsed = 00:02:07 . Memory (MB): peak = 2341.785 ; gain = 0.000 ; free physical = 1351 ; free virtual = 8798
Synthesis Optimization Complete : Time (s): cpu = 00:00:42 ; elapsed = 00:02:16 . Memory (MB): peak = 2341.785 ; gain = 64.027 ; free physical = 1357 ; free virtual = 8804
INFO: [Project 1-571] Translating synthesized netlist
Netlist sorting complete. Time (s): cpu = 00:00:00 ; elapsed = 00:00:00 . Memory (MB): peak = 2341.785 ; gain = 0.000 ; free physical = 1392 ; free virtual = 8841
INFO: [Project 1-570] Preparing netlist for logic optimization
INFO: [Opt 31-138] Pushed 0 inverter(s) to 0 load pin(s).
Netlist sorting complete. Time (s): cpu = 00:00:00 ; elapsed = 00:00:00 . Memory (MB): peak = 2341.785 ; gain = 0.000 ; free physical = 1172 ; free virtual = 8649
INFO: [Project 1-111] Unisim Transformation Summary:
No Unisim elements were transformed.

INFO: [Common 17-83] Releasing license: Synthesis
20 Infos, 1 Warnings, 0 Critical Warnings and 0 Errors encountered.
synth_design completed successfully
synth_design: Time (s): cpu = 00:00:54 ; elapsed = 00:02:46 . Memory (MB): peak = 2341.785 ; gain = 77.910 ; free physical = 1695 ; free virtual = 9181
INFO: [Common 17-1381] The checkpoint '/home/shahar/Downloads/anton/redpitaya_guide/tmp/4_frequency_counter/4_frequency_counter.runs/design_3_signal_spliter_1_2_synth_1/design_3_signal_spliter_1_2.dcp' has been generated.
WARNING: [Common 17-576] 'use_project_ipc' is deprecated. This option is deprecated and no longer used.
INFO: [Common 17-1381] The checkpoint '/home/shahar/Downloads/anton/redpitaya_guide/tmp/4_frequency_counter/4_frequency_counter.runs/design_3_signal_spliter_1_2_synth_1/design_3_signal_spliter_1_2.dcp' has been generated.
INFO: [runtcl-4] Executing : report_utilization -file design_3_signal_spliter_1_2_utilization_synth.rpt -pb design_3_signal_spliter_1_2_utilization_synth.pb
INFO: [Common 17-206] Exiting Vivado at Tue Mar 12 09:48:26 2024...
